Traceback (most recent call last):
  File "fileMover.py", line 49, in <module>
    observer.join()
  File "/System/Library/Frameworks/Python.framework/Versions/2.7/lib/python2.7/threading.py", line 940, in join
    self.__block.wait()
  File "/System/Library/Frameworks/Python.framework/Versions/2.7/lib/python2.7/threading.py", line 340, in wait
    waiter.acquire()
KeyboardInterrupt
Traceback (most recent call last):
  File "fileMover.py", line 49, in <module>
    observer.join()
  File "/System/Library/Frameworks/Python.framework/Versions/2.7/lib/python2.7/threading.py", line 940, in join
    self.__block.wait()
  File "/System/Library/Frameworks/Python.framework/Versions/2.7/lib/python2.7/threading.py", line 340, in wait
    waiter.acquire()
KeyboardInterrupt
Exception in thread Thread-1:
Traceback (most recent call last):
  File "/System/Library/Frameworks/Python.framework/Versions/2.7/lib/python2.7/threading.py", line 801, in __bootstrap_inner
    self.run()
  File "/Users/admin/Library/Python/2.7/lib/python/site-packages/watchdog/observers/api.py", line 196, in run
    self.dispatch_events(self.event_queue, self.timeout)
  File "/Users/admin/Library/Python/2.7/lib/python/site-packages/watchdog/observers/api.py", line 369, in dispatch_events
    handler.dispatch(event)
  File "/Users/admin/Library/Python/2.7/lib/python/site-packages/watchdog/events.py", line 336, in dispatch
    }[event.event_type](event)
  File "fileMover.py", line 18, in on_modified
    destinations = json.load(jsonfile)
  File "/System/Library/Frameworks/Python.framework/Versions/2.7/lib/python2.7/json/__init__.py", line 291, in load
    **kw)
  File "/System/Library/Frameworks/Python.framework/Versions/2.7/lib/python2.7/json/__init__.py", line 339, in loads
    return _default_decoder.decode(s)
  File "/System/Library/Frameworks/Python.framework/Versions/2.7/lib/python2.7/json/decoder.py", line 364, in decode
    obj, end = self.raw_decode(s, idx=_w(s, 0).end())
  File "/System/Library/Frameworks/Python.framework/Versions/2.7/lib/python2.7/json/decoder.py", line 380, in raw_decode
    obj, end = self.scan_once(s, idx)
ValueError: Expecting property name: line 6 column 3 (char 169)

